<?xml version="1.0" encoding="UTF-8"?>
<!-- Generated by org.testng.reporters.JUnitXMLReporter -->
<testsuite hostname="hi-PC" ignored="0" name="Default test" tests="3" failures="0" timestamp="05 Jun 2020 08:31:34 GMT" time="0.105" errors="0">
  <testcase name="testMethod1" time="0.02" classname="com.testng.DataProviders"/>
  <testcase name="testMethod1" time="0.005" classname="com.testng.DataProviders"/>
  <testcase name="testMethod1" time="0.0" classname="com.testng.DataProviders"/>
</testsuite> <!-- Default test -->
