<?xml version="1.0" encoding="UTF-8"?>
<!-- Generated by org.testng.reporters.JUnitXMLReporter -->
<testsuite hostname="hi-PC" ignored="2" tests="0" failures="0" timestamp="02 Jun 2020 09:22:32 GMT" time="0.008" errors="0">
  <testcase name="@BeforeSuite beforeSuite" time="0.0" classname="com.testng.Basesuite">
    <ignored/>
  </testcase> <!-- @BeforeSuite beforeSuite -->
  <testcase name="@AfterSuite afterSuite" time="0.0" classname="com.testng.Basesuite">
    <ignored/>
  </testcase> <!-- @AfterSuite afterSuite -->
</testsuite>
