<?xml version="1.0" encoding="UTF-8"?>
<!-- Generated by org.testng.reporters.JUnitXMLReporter -->
<testsuite hostname="hi-PC" ignored="0" name="Chrome Test" tests="1" failures="1" timestamp="02 Jun 2020 07:28:39 GMT" time="0.1" errors="0">
  <testcase name="testLogin" time="0.037" classname="com.testng.Testng2">
    <failure type="java.lang.NullPointerException">
      <![CDATA[java.lang.NullPointerException
	at com.testng.Testng2.testLogin(Testng2.java:27)
... Removed 25 stack frames]]>
    </failure>
  </testcase> <!-- testLogin -->
</testsuite> <!-- Chrome Test -->
